<?xml version="1.0" encoding="UTF-8"?>
<testsuite name="directsoft.callerid.impl.CallerIdTest" tests="2" skipped="0" failures="0" errors="0" timestamp="2017-12-31T07:15:52" hostname="OSX-WYG8WM" time="0.002">
  <properties/>
  <testcase name="testBasicCaller" classname="directsoft.callerid.impl.CallerIdTest" time="0.002"/>
  <testcase name="testBasicCallerWithOffset" classname="directsoft.callerid.impl.CallerIdTest" time="0.0"/>
  <system-out><![CDATA[]]></system-out>
  <system-err><![CDATA[]]></system-err>
</testsuite>
